[    52.233] (WW) Failed to open protocol names file lib/xorg/protocol.txt
[    52.236] 
X.Org X Server 1.20.10
X Protocol Version 11, Revision 0
[    52.237] Build Operating System: Linux Arch Linux
[    52.237] Current Operating System: Linux beron-pc 5.10.13-arch1-2 #1 SMP PREEMPT Sat, 06 Feb 2021 11:07:29 +0000 x86_64
[    52.237] Kernel command line: BOOT_IMAGE=/boot/vmlinuz-linux root=UUID=420aaa55-9019-4055-a4b1-fc6c919794c8 rw loglevel=3 quiet
[    52.238] Build Date: 14 December 2020  12:10:29PM
[    52.238]  
[    52.238] Current version of pixman: 0.40.0
[    52.238] 	Before reporting problems, check http://wiki.x.org
	to make sure that you have the latest version.
[    52.238] Markers: (--) probed, (**) from config file, (==) default setting,
	(++) from command line, (!!) notice, (II) informational,
	(WW) warning, (EE) error, (NI) not implemented, (??) unknown.
[    52.239] (==) Log file: "/home/beron/.local/share/xorg/Xorg.0.log", Time: Mon Feb  8 21:36:38 2021
[    52.320] (==) Using system config directory "/usr/share/X11/xorg.conf.d"
[    52.329] (==) No Layout section.  Using the first Screen section.
[    52.329] (==) No screen section available. Using defaults.
[    52.329] (**) |-->Screen "Default Screen Section" (0)
[    52.329] (**) |   |-->Monitor "<default monitor>"
[    52.331] (==) No monitor specified for screen "Default Screen Section".
	Using a default monitor configuration.
[    52.331] (==) Automatically adding devices
[    52.331] (==) Automatically enabling devices
[    52.331] (==) Automatically adding GPU devices
[    52.331] (==) Automatically binding GPU devices
[    52.331] (==) Max clients allowed: 256, resource mask: 0x1fffff
[    52.331] (WW) The directory "/usr/share/fonts/misc" does not exist.
[    52.331] 	Entry deleted from font path.
[    52.347] (WW) The directory "/usr/share/fonts/OTF" does not exist.
[    52.347] 	Entry deleted from font path.
[    52.347] (WW) The directory "/usr/share/fonts/Type1" does not exist.
[    52.348] 	Entry deleted from font path.
[    52.385] (==) FontPath set to:
	/usr/share/fonts/TTF,
	/usr/share/fonts/100dpi,
	/usr/share/fonts/75dpi
[    52.385] (==) ModulePath set to "/usr/lib/xorg/modules"
[    52.385] (II) The server relies on udev to provide the list of input devices.
	If no devices become available, reconfigure udev or disable AutoAddDevices.
[    52.385] (II) Module ABI versions:
[    52.385] 	X.Org ANSI C Emulation: 0.4
[    52.385] 	X.Org Video Driver: 24.1
[    52.385] 	X.Org XInput driver : 24.1
[    52.385] 	X.Org Server Extension : 10.0
[    52.389] (++) using VT number 1

[    52.397] (II) systemd-logind: took control of session /org/freedesktop/login1/session/_31
[    52.405] (II) xfree86: Adding drm device (/dev/dri/card0)
[    52.410] (II) systemd-logind: got fd for /dev/dri/card0 226:0 fd 10 paused 0
[    52.437] (--) PCI:*(0@0:2:0) 8086:0f31:1558:5471 rev 14, Mem @ 0xd0000000/4194304, 0xc0000000/268435456, I/O @ 0x0000f080/8, BIOS @ 0x????????/131072
[    52.438] (WW) Open ACPI failed (/var/run/acpid.socket) (No such file or directory)
[    52.438] (II) LoadModule: "glx"
[    52.450] (II) Loading /usr/lib/xorg/modules/extensions/libglx.so
[    52.540] (II) Module glx: vendor="X.Org Foundation"
[    52.540] 	compiled for 1.20.10, module version = 1.0.0
[    52.541] 	ABI class: X.Org Server Extension, version 10.0
[    52.541] (==) Matched intel as autoconfigured driver 0
[    52.541] (==) Matched modesetting as autoconfigured driver 1
[    52.541] (==) Matched fbdev as autoconfigured driver 2
[    52.541] (==) Matched vesa as autoconfigured driver 3
[    52.541] (==) Assigned the driver to the xf86ConfigLayout
[    52.541] (II) LoadModule: "intel"
[    52.549] (WW) Warning, couldn't open module intel
[    52.549] (EE) Failed to load module "intel" (module does not exist, 0)
[    52.549] (II) LoadModule: "modesetting"
[    52.550] (II) Loading /usr/lib/xorg/modules/drivers/modesetting_drv.so
[    52.588] (II) Module modesetting: vendor="X.Org Foundation"
[    52.588] 	compiled for 1.20.10, module version = 1.20.10
[    52.588] 	Module class: X.Org Video Driver
[    52.588] 	ABI class: X.Org Video Driver, version 24.1
[    52.588] (II) LoadModule: "fbdev"
[    52.589] (WW) Warning, couldn't open module fbdev
[    52.589] (EE) Failed to load module "fbdev" (module does not exist, 0)
[    52.589] (II) LoadModule: "vesa"
[    52.589] (II) Loading /usr/lib/xorg/modules/drivers/vesa_drv.so
[    52.604] (II) Module vesa: vendor="X.Org Foundation"
[    52.604] 	compiled for 1.20.9, module version = 2.5.0
[    52.605] 	Module class: X.Org Video Driver
[    52.605] 	ABI class: X.Org Video Driver, version 24.1
[    52.605] (II) modesetting: Driver for Modesetting Kernel Drivers: kms
[    52.605] (II) VESA: driver for VESA chipsets: vesa
[    52.605] xf86EnableIOPorts: failed to set IOPL for I/O (Operation not permitted)
[    52.605] (II) modeset(0): using drv /dev/dri/card0
[    52.605] (WW) VGA arbiter: cannot open kernel arbiter, no multi-card support
[    52.605] (II) modeset(0): Creating default Display subsection in Screen section
	"Default Screen Section" for depth/fbbpp 24/32
[    52.605] (==) modeset(0): Depth 24, (==) framebuffer bpp 32
[    52.605] (==) modeset(0): RGB weight 888
[    52.605] (==) modeset(0): Default visual is TrueColor
[    52.606] (II) Loading sub module "glamoregl"
[    52.606] (II) LoadModule: "glamoregl"
[    52.606] (II) Loading /usr/lib/xorg/modules/libglamoregl.so
[    52.716] (II) Module glamoregl: vendor="X.Org Foundation"
[    52.716] 	compiled for 1.20.10, module version = 1.0.1
[    52.716] 	ABI class: X.Org ANSI C Emulation, version 0.4
[    53.433] (II) modeset(0): glamor X acceleration enabled on Mesa DRI Intel(R) HD Graphics (BYT)
[    53.433] (II) modeset(0): glamor initialized
[    53.435] (II) modeset(0): Output eDP-1 has no monitor section
[    53.442] (II) modeset(0): Output VGA-1 has no monitor section
[    53.443] (II) modeset(0): Output DP-1 has no monitor section
[    53.445] (II) modeset(0): Output HDMI-1 has no monitor section
[    53.455] (II) modeset(0): EDID for output eDP-1
[    53.456] (II) modeset(0): Manufacturer: AUO  Model: 305c  Serial#: 0
[    53.456] (II) modeset(0): Year: 2009  Week: 0
[    53.456] (II) modeset(0): EDID Version: 1.3
[    53.456] (II) modeset(0): Digital Display Input
[    53.456] (II) modeset(0): Max Image Size [cm]: horiz.: 26  vert.: 14
[    53.456] (II) modeset(0): Gamma: 2.20
[    53.456] (II) modeset(0): No DPMS capabilities specified
[    53.457] (II) modeset(0): Supported color encodings: RGB 4:4:4 YCrCb 4:4:4 
[    53.457] (II) modeset(0): First detailed timing is preferred mode
[    53.457] (II) modeset(0): redX: 0.584 redY: 0.333   greenX: 0.338 greenY: 0.571
[    53.457] (II) modeset(0): blueX: 0.158 blueY: 0.133   whiteX: 0.313 whiteY: 0.329
[    53.457] (II) modeset(0): Manufacturer's mask: 0
[    53.457] (II) modeset(0): Supported detailed timing:
[    53.457] (II) modeset(0): clock: 69.3 MHz   Image Size:  256 x 144 mm
[    53.458] (II) modeset(0): h_active: 1366  h_sync: 1414  h_sync_end 1446 h_blank_end 1456 h_border: 0
[    53.458] (II) modeset(0): v_active: 768  v_sync: 771  v_sync_end 777 v_blanking: 793 v_border: 0
[    53.458] (II) modeset(0): Unknown vendor-specific block f
[    53.458] (II) modeset(0):  AUO
[    53.458] (II) modeset(0):  B116XW03 V0
[    53.458] (II) modeset(0): EDID (in hex):
[    53.458] (II) modeset(0): 	00ffffffffffff0006af5c3000000000
[    53.458] (II) modeset(0): 	00130103801a0e780a99859555569228
[    53.459] (II) modeset(0): 	22505400000001010101010101010101
[    53.459] (II) modeset(0): 	010101010101121b565a500019303020
[    53.459] (II) modeset(0): 	36000090100000180000000f00000000
[    53.459] (II) modeset(0): 	00000000000000000020000000fe0041
[    53.459] (II) modeset(0): 	554f0a202020202020202020000000fe
[    53.459] (II) modeset(0): 	004231313658573033205630200a00ec
[    53.461] (II) modeset(0): Printing probed modes for output eDP-1
[    53.461] (II) modeset(0): Modeline "1366x768"x60.0   69.30  1366 1414 1446 1456  768 771 777 793 -hsync -vsync (47.6 kHz eP)
[    53.461] (II) modeset(0): Modeline "1280x720"x120.0  156.12  1280 1376 1512 1744  720 721 724 746 doublescan -hsync +vsync (89.5 kHz d)
[    53.462] (II) modeset(0): Modeline "1280x720"x120.0  120.75  1280 1304 1320 1360  720 721 724 740 doublescan +hsync -vsync (88.8 kHz d)
[    53.462] (II) modeset(0): Modeline "1280x720"x59.9   74.50  1280 1344 1472 1664  720 723 728 748 -hsync +vsync (44.8 kHz d)
[    53.462] (II) modeset(0): Modeline "1280x720"x59.7   63.75  1280 1328 1360 1440  720 723 728 741 +hsync -vsync (44.3 kHz d)
[    53.462] (II) modeset(0): Modeline "1024x768"x120.1  133.47  1024 1100 1212 1400  768 768 770 794 doublescan -hsync +vsync (95.3 kHz d)
[    53.462] (II) modeset(0): Modeline "1024x768"x60.0   65.00  1024 1048 1184 1344  768 771 777 806 -hsync -vsync (48.4 kHz d)
[    53.462] (II) modeset(0): Modeline "960x720"x120.0  117.00  960 1024 1128 1300  720 720 722 750 doublescan -hsync +vsync (90.0 kHz d)
[    53.462] (II) modeset(0): Modeline "928x696"x120.1  109.15  928 976 1088 1264  696 696 698 719 doublescan -hsync +vsync (86.4 kHz d)
[    53.463] (II) modeset(0): Modeline "896x672"x120.0  102.40  896 960 1060 1224  672 672 674 697 doublescan -hsync +vsync (83.7 kHz d)
[    53.463] (II) modeset(0): Modeline "1024x576"x119.9   98.50  1024 1092 1200 1376  576 577 580 597 doublescan -hsync +vsync (71.6 kHz d)
[    53.463] (II) modeset(0): Modeline "1024x576"x119.9   78.38  1024 1048 1064 1104  576 577 580 592 doublescan +hsync -vsync (71.0 kHz d)
[    53.463] (II) modeset(0): Modeline "1024x576"x59.9   46.50  1024 1064 1160 1296  576 579 584 599 -hsync +vsync (35.9 kHz d)
[    53.463] (II) modeset(0): Modeline "1024x576"x59.8   42.00  1024 1072 1104 1184  576 579 584 593 +hsync -vsync (35.5 kHz d)
[    53.463] (II) modeset(0): Modeline "960x600"x119.9   96.62  960 1028 1128 1296  600 601 604 622 doublescan -hsync +vsync (74.6 kHz d)
[    53.463] (II) modeset(0): Modeline "960x600"x120.0   77.00  960 984 1000 1040  600 601 604 617 doublescan +hsync -vsync (74.0 kHz d)
[    53.464] (II) modeset(0): Modeline "960x540"x119.9   86.50  960 1024 1124 1288  540 541 544 560 doublescan -hsync +vsync (67.2 kHz d)
[    53.464] (II) modeset(0): Modeline "960x540"x120.0   69.25  960 984 1000 1040  540 541 544 555 doublescan +hsync -vsync (66.6 kHz d)
[    53.464] (II) modeset(0): Modeline "960x540"x59.6   40.75  960 992 1088 1216  540 543 548 562 -hsync +vsync (33.5 kHz d)
[    53.464] (II) modeset(0): Modeline "960x540"x59.8   37.25  960 1008 1040 1120  540 543 548 556 +hsync -vsync (33.3 kHz d)
[    53.464] (II) modeset(0): Modeline "800x600"x120.0   81.00  800 832 928 1080  600 600 602 625 doublescan +hsync +vsync (75.0 kHz d)
[    53.464] (II) modeset(0): Modeline "800x600"x60.3   40.00  800 840 968 1056  600 601 605 628 +hsync +vsync (37.9 kHz d)
[    53.464] (II) modeset(0): Modeline "800x600"x56.2   36.00  800 824 896 1024  600 601 603 625 +hsync +vsync (35.2 kHz d)
[    53.465] (II) modeset(0): Modeline "840x525"x120.0   73.12  840 892 980 1120  525 526 529 544 doublescan -hsync +vsync (65.3 kHz d)
[    53.465] (II) modeset(0): Modeline "840x525"x119.8   59.50  840 864 880 920  525 526 529 540 doublescan +hsync -vsync (64.7 kHz d)
[    53.465] (II) modeset(0): Modeline "864x486"x59.9   32.50  864 888 968 1072  486 489 494 506 -hsync +vsync (30.3 kHz d)
[    53.465] (II) modeset(0): Modeline "864x486"x59.6   30.50  864 912 944 1024  486 489 494 500 +hsync -vsync (29.8 kHz d)
[    53.465] (II) modeset(0): Modeline "700x525"x120.0   61.00  700 744 820 940  525 526 532 541 doublescan +hsync +vsync (64.9 kHz d)
[    53.465] (II) modeset(0): Modeline "800x450"x119.9   59.12  800 848 928 1056  450 451 454 467 doublescan -hsync +vsync (56.0 kHz d)
[    53.465] (II) modeset(0): Modeline "800x450"x119.6   48.75  800 824 840 880  450 451 454 463 doublescan +hsync -vsync (55.4 kHz d)
[    53.466] (II) modeset(0): Modeline "640x512"x120.0   54.00  640 664 720 844  512 512 514 533 doublescan +hsync +vsync (64.0 kHz d)
[    53.466] (II) modeset(0): Modeline "700x450"x119.9   51.75  700 740 812 924  450 451 456 467 doublescan -hsync +vsync (56.0 kHz d)
[    53.466] (II) modeset(0): Modeline "700x450"x119.8   43.25  700 724 740 780  450 451 456 463 doublescan +hsync -vsync (55.4 kHz d)
[    53.466] (II) modeset(0): Modeline "640x480"x120.0   54.00  640 688 744 900  480 480 482 500 doublescan +hsync +vsync (60.0 kHz d)
[    53.466] (II) modeset(0): Modeline "640x480"x59.9   25.18  640 656 752 800  480 490 492 525 -hsync -vsync (31.5 kHz d)
[    53.466] (II) modeset(0): Modeline "720x405"x59.5   22.50  720 744 808 896  405 408 413 422 -hsync +vsync (25.1 kHz d)
[    53.466] (II) modeset(0): Modeline "720x405"x59.0   21.75  720 768 800 880  405 408 413 419 +hsync -vsync (24.7 kHz d)
[    53.467] (II) modeset(0): Modeline "684x384"x119.8   42.62  684 720 788 892  384 385 390 399 doublescan -hsync +vsync (47.8 kHz d)
[    53.467] (II) modeset(0): Modeline "684x384"x119.7   36.12  684 708 724 764  384 385 390 395 doublescan +hsync -vsync (47.3 kHz d)
[    53.467] (II) modeset(0): Modeline "640x400"x119.8   41.75  640 676 740 840  400 401 404 415 doublescan -hsync +vsync (49.7 kHz d)
[    53.467] (II) modeset(0): Modeline "640x400"x120.0   35.50  640 664 680 720  400 401 404 411 doublescan +hsync -vsync (49.3 kHz d)
[    53.467] (II) modeset(0): Modeline "640x360"x119.7   37.25  640 672 736 832  360 361 364 374 doublescan -hsync +vsync (44.8 kHz d)
[    53.467] (II) modeset(0): Modeline "640x360"x119.7   31.88  640 664 680 720  360 361 364 370 doublescan +hsync -vsync (44.3 kHz d)
[    53.467] (II) modeset(0): Modeline "640x360"x59.8   18.00  640 664 720 800  360 363 368 376 -hsync +vsync (22.5 kHz d)
[    53.468] (II) modeset(0): Modeline "640x360"x59.3   17.75  640 688 720 800  360 363 368 374 +hsync -vsync (22.2 kHz d)
[    53.468] (II) modeset(0): Modeline "512x384"x120.0   32.50  512 524 592 672  384 385 388 403 doublescan -hsync -vsync (48.4 kHz d)
[    53.468] (II) modeset(0): Modeline "512x288"x120.0   23.25  512 532 580 648  288 289 292 299 doublescan -hsync +vsync (35.9 kHz d)
[    53.468] (II) modeset(0): Modeline "512x288"x119.8   21.00  512 536 552 592  288 289 292 296 doublescan +hsync -vsync (35.5 kHz d)
[    53.468] (II) modeset(0): Modeline "480x270"x119.3   20.38  480 496 544 608  270 271 274 281 doublescan -hsync +vsync (33.5 kHz d)
[    53.468] (II) modeset(0): Modeline "480x270"x119.6   18.62  480 504 520 560  270 271 274 278 doublescan +hsync -vsync (33.3 kHz d)
[    53.468] (II) modeset(0): Modeline "400x300"x120.6   20.00  400 420 484 528  300 300 302 314 doublescan +hsync +vsync (37.9 kHz d)
[    53.469] (II) modeset(0): Modeline "400x300"x112.7   18.00  400 412 448 512  300 300 301 312 doublescan +hsync +vsync (35.2 kHz d)
[    53.469] (II) modeset(0): Modeline "432x243"x119.8   16.25  432 444 484 536  243 244 247 253 doublescan -hsync +vsync (30.3 kHz d)
[    53.469] (II) modeset(0): Modeline "432x243"x119.1   15.25  432 456 472 512  243 244 247 250 doublescan +hsync -vsync (29.8 kHz d)
[    53.469] (II) modeset(0): Modeline "320x240"x120.1   12.59  320 328 376 400  240 245 246 262 doublescan -hsync -vsync (31.5 kHz d)
[    53.469] (II) modeset(0): Modeline "360x202"x119.0   11.25  360 372 404 448  202 204 206 211 doublescan -hsync +vsync (25.1 kHz d)
[    53.469] (II) modeset(0): Modeline "360x202"x118.3   10.88  360 384 400 440  202 204 206 209 doublescan +hsync -vsync (24.7 kHz d)
[    53.469] (II) modeset(0): Modeline "320x180"x119.7    9.00  320 332 360 400  180 181 184 188 doublescan -hsync +vsync (22.5 kHz d)
[    53.470] (II) modeset(0): Modeline "320x180"x118.6    8.88  320 344 360 400  180 181 184 187 doublescan +hsync -vsync (22.2 kHz d)
[    53.477] (II) modeset(0): EDID for output VGA-1
[    53.477] (II) modeset(0): EDID for output DP-1
[    53.479] (II) modeset(0): EDID for output HDMI-1
[    53.479] (II) modeset(0): Output eDP-1 connected
[    53.479] (II) modeset(0): Output VGA-1 disconnected
[    53.479] (II) modeset(0): Output DP-1 disconnected
[    53.479] (II) modeset(0): Output HDMI-1 disconnected
[    53.479] (II) modeset(0): Using exact sizes for initial modes
[    53.480] (II) modeset(0): Output eDP-1 using initial mode 1366x768 +0+0
[    53.480] (==) modeset(0): Using gamma correction (1.0, 1.0, 1.0)
[    53.480] (==) modeset(0): DPI set to (96, 96)
[    53.480] (II) Loading sub module "fb"
[    53.480] (II) LoadModule: "fb"
[    53.481] (II) Loading /usr/lib/xorg/modules/libfb.so
[    53.493] (II) Module fb: vendor="X.Org Foundation"
[    53.493] 	compiled for 1.20.10, module version = 1.0.0
[    53.493] 	ABI class: X.Org ANSI C Emulation, version 0.4
[    53.493] (II) UnloadModule: "vesa"
[    53.493] (II) Unloading vesa
[    53.838] (==) modeset(0): Backing store enabled
[    53.838] (==) modeset(0): Silken mouse disabled
[    53.938] (II) modeset(0): Initializing kms color map for depth 24, 8 bpc.
[    53.939] (==) modeset(0): DPMS enabled
[    53.940] (II) modeset(0): [DRI2] Setup complete
[    53.940] (II) modeset(0): [DRI2]   DRI driver: i965
[    53.940] (II) modeset(0): [DRI2]   VDPAU driver: va_gl
[    53.940] (II) Initializing extension Generic Event Extension
[    53.940] (II) Initializing extension SHAPE
[    53.940] (II) Initializing extension MIT-SHM
[    53.940] (II) Initializing extension XInputExtension
[    53.941] (II) Initializing extension XTEST
[    53.941] (II) Initializing extension BIG-REQUESTS
[    53.941] (II) Initializing extension SYNC
[    53.941] (II) Initializing extension XKEYBOARD
[    53.941] (II) Initializing extension XC-MISC
[    53.941] (II) Initializing extension SECURITY
[    53.941] (II) Initializing extension XFIXES
[    53.942] (II) Initializing extension RENDER
[    53.942] (II) Initializing extension RANDR
[    53.942] (II) Initializing extension COMPOSITE
[    53.942] (II) Initializing extension DAMAGE
[    53.942] (II) Initializing extension MIT-SCREEN-SAVER
[    53.942] (II) Initializing extension DOUBLE-BUFFER
[    53.942] (II) Initializing extension RECORD
[    53.942] (II) Initializing extension DPMS
[    53.943] (II) Initializing extension Present
[    53.943] (II) Initializing extension DRI3
[    53.943] (II) Initializing extension X-Resource
[    53.943] (II) Initializing extension XVideo
[    53.943] (II) Initializing extension XVideo-MotionCompensation
[    53.943] (II) Initializing extension GLX
[    53.987] (II) AIGLX: Loaded and initialized i965
[    53.987] (II) GLX: Initialized DRI2 GL provider for screen 0
[    53.987] (II) Initializing extension XFree86-VidModeExtension
[    53.987] (II) Initializing extension XFree86-DGA
[    53.987] (II) Initializing extension XFree86-DRI
[    53.987] (II) Initializing extension DRI2
[    54.124] (II) modeset(0): Damage tracking initialized
[    54.124] (II) modeset(0): Setting screen physical size to 361 x 203
[    54.886] (II) config/udev: Adding input device Power Button (/dev/input/event3)
[    54.886] (**) Power Button: Applying InputClass "libinput keyboard catchall"
[    54.886] (II) LoadModule: "libinput"
[    54.886] (II) Loading /usr/lib/xorg/modules/input/libinput_drv.so
[    54.933] (II) Module libinput: vendor="X.Org Foundation"
[    54.933] 	compiled for 1.20.8, module version = 0.30.0
[    54.933] 	Module class: X.Org XInput Driver
[    54.933] 	ABI class: X.Org XInput driver, version 24.1
[    54.933] (II) Using input driver 'libinput' for 'Power Button'
[    54.940] (II) systemd-logind: got fd for /dev/input/event3 13:67 fd 15 paused 0
[    54.940] (**) Power Button: always reports core events
[    54.940] (**) Option "Device" "/dev/input/event3"
[    54.940] (**) Option "_source" "server/udev"
[    55.013] (II) event3  - Power Button: is tagged by udev as: Keyboard
[    55.013] (II) event3  - Power Button: device is a keyboard
[    55.013] (II) event3  - Power Button: device removed
[    55.014] (**) Option "config_info" "udev:/sys/devices/LNXSYSTM:00/LNXPWRBN:00/input/input3/event3"
[    55.014] (II) XINPUT: Adding extended input device "Power Button" (type: KEYBOARD, id 6)
[    55.016] (II) event3  - Power Button: is tagged by udev as: Keyboard
[    55.016] (II) event3  - Power Button: device is a keyboard
[    55.018] (II) config/udev: Adding input device Video Bus (/dev/input/event5)
[    55.018] (**) Video Bus: Applying InputClass "libinput keyboard catchall"
[    55.018] (II) Using input driver 'libinput' for 'Video Bus'
[    55.020] (II) systemd-logind: got fd for /dev/input/event5 13:69 fd 18 paused 0
[    55.020] (**) Video Bus: always reports core events
[    55.020] (**) Option "Device" "/dev/input/event5"
[    55.020] (**) Option "_source" "server/udev"
[    55.023] (II) event5  - Video Bus: is tagged by udev as: Keyboard
[    55.023] (II) event5  - Video Bus: device is a keyboard
[    55.023] (II) event5  - Video Bus: device removed
[    55.023] (**) Option "config_info" "udev:/sys/devices/LNXSYSTM:00/LNXSYBUS:00/PNP0A08:00/LNXVIDEO:00/input/input11/event5"
[    55.023] (II) XINPUT: Adding extended input device "Video Bus" (type: KEYBOARD, id 7)
[    55.026] (II) event5  - Video Bus: is tagged by udev as: Keyboard
[    55.027] (II) event5  - Video Bus: device is a keyboard
[    55.028] (II) config/udev: Adding input device Power Button (/dev/input/event0)
[    55.028] (**) Power Button: Applying InputClass "libinput keyboard catchall"
[    55.028] (II) Using input driver 'libinput' for 'Power Button'
[    55.031] (II) systemd-logind: got fd for /dev/input/event0 13:64 fd 19 paused 0
[    55.031] (**) Power Button: always reports core events
[    55.031] (**) Option "Device" "/dev/input/event0"
[    55.031] (**) Option "_source" "server/udev"
[    55.036] (II) event0  - Power Button: is tagged by udev as: Keyboard
[    55.036] (II) event0  - Power Button: device is a keyboard
[    55.036] (II) event0  - Power Button: device removed
[    55.037] (**) Option "config_info" "udev:/sys/devices/LNXSYSTM:00/LNXSYBUS:00/PNP0C0C:00/input/input0/event0"
[    55.037] (II) XINPUT: Adding extended input device "Power Button" (type: KEYBOARD, id 8)
[    55.041] (II) event0  - Power Button: is tagged by udev as: Keyboard
[    55.042] (II) event0  - Power Button: device is a keyboard
[    55.044] (II) config/udev: Adding input device Lid Switch (/dev/input/event2)
[    55.044] (II) No input driver specified, ignoring this device.
[    55.044] (II) This device may have been added with another device file.
[    55.046] (II) config/udev: Adding input device Sleep Button (/dev/input/event1)
[    55.047] (**) Sleep Button: Applying InputClass "libinput keyboard catchall"
[    55.047] (II) Using input driver 'libinput' for 'Sleep Button'
[    55.050] (II) systemd-logind: got fd for /dev/input/event1 13:65 fd 20 paused 0
[    55.050] (**) Sleep Button: always reports core events
[    55.050] (**) Option "Device" "/dev/input/event1"
[    55.050] (**) Option "_source" "server/udev"
[    55.054] (II) event1  - Sleep Button: is tagged by udev as: Keyboard
[    55.055] (II) event1  - Sleep Button: device is a keyboard
[    55.055] (II) event1  - Sleep Button: device removed
[    55.055] (**) Option "config_info" "udev:/sys/devices/LNXSYSTM:00/LNXSYBUS:00/PNP0C0E:00/input/input1/event1"
[    55.055] (II) XINPUT: Adding extended input device "Sleep Button" (type: KEYBOARD, id 9)
[    55.059] (II) event1  - Sleep Button: is tagged by udev as: Keyboard
[    55.060] (II) event1  - Sleep Button: device is a keyboard
[    55.065] (II) config/udev: Adding input device Chicony USB 2.0 Camera: Chicony (/dev/input/event7)
[    55.065] (**) Chicony USB 2.0 Camera: Chicony: Applying InputClass "libinput keyboard catchall"
[    55.065] (II) Using input driver 'libinput' for 'Chicony USB 2.0 Camera: Chicony'
[    55.069] (II) systemd-logind: got fd for /dev/input/event7 13:71 fd 21 paused 0
[    55.069] (**) Chicony USB 2.0 Camera: Chicony: always reports core events
[    55.069] (**) Option "Device" "/dev/input/event7"
[    55.069] (**) Option "_source" "server/udev"
[    55.075] (II) event7  - Chicony USB 2.0 Camera: Chicony: is tagged by udev as: Keyboard
[    55.075] (II) event7  - Chicony USB 2.0 Camera: Chicony: device is a keyboard
[    55.076] (II) event7  - Chicony USB 2.0 Camera: Chicony: device removed
[    55.076] (**) Option "config_info" "udev:/sys/devices/pci0000:00/0000:00:14.0/usb1/1-4/1-4.3/1-4.3:1.0/input/input15/event7"
[    55.076] (II) XINPUT: Adding extended input device "Chicony USB 2.0 Camera: Chicony" (type: KEYBOARD, id 10)
[    55.082] (II) event7  - Chicony USB 2.0 Camera: Chicony: is tagged by udev as: Keyboard
[    55.082] (II) event7  - Chicony USB 2.0 Camera: Chicony: device is a keyboard
[    55.084] (II) config/udev: Adding input device HDA Intel PCH Mic (/dev/input/event9)
[    55.084] (II) No input driver specified, ignoring this device.
[    55.084] (II) This device may have been added with another device file.
[    55.085] (II) config/udev: Adding input device HDA Intel PCH Front Headphone (/dev/input/event10)
[    55.085] (II) No input driver specified, ignoring this device.
[    55.085] (II) This device may have been added with another device file.
[    55.087] (II) config/udev: Adding input device HDA Intel PCH HDMI/DP,pcm=3 (/dev/input/event11)
[    55.087] (II) No input driver specified, ignoring this device.
[    55.087] (II) This device may have been added with another device file.
[    55.089] (II) config/udev: Adding input device AT Translated Set 2 keyboard (/dev/input/event4)
[    55.089] (**) AT Translated Set 2 keyboard: Applying InputClass "libinput keyboard catchall"
[    55.089] (II) Using input driver 'libinput' for 'AT Translated Set 2 keyboard'
[    55.091] (II) systemd-logind: got fd for /dev/input/event4 13:68 fd 22 paused 0
[    55.091] (**) AT Translated Set 2 keyboard: always reports core events
[    55.091] (**) Option "Device" "/dev/input/event4"
[    55.091] (**) Option "_source" "server/udev"
[    55.096] (II) event4  - AT Translated Set 2 keyboard: is tagged by udev as: Keyboard
[    55.096] (II) event4  - AT Translated Set 2 keyboard: device is a keyboard
[    55.098] (II) event4  - AT Translated Set 2 keyboard: device removed
[    55.098] (**) Option "config_info" "udev:/sys/devices/platform/i8042/serio0/input/input4/event4"
[    55.098] (II) XINPUT: Adding extended input device "AT Translated Set 2 keyboard" (type: KEYBOARD, id 11)
[    55.103] (II) event4  - AT Translated Set 2 keyboard: is tagged by udev as: Keyboard
[    55.103] (II) event4  - AT Translated Set 2 keyboard: device is a keyboard
[    55.107] (II) config/udev: Adding input device SynPS/2 Synaptics TouchPad (/dev/input/event8)
[    55.107] (**) SynPS/2 Synaptics TouchPad: Applying InputClass "libinput touchpad catchall"
[    55.107] (II) Using input driver 'libinput' for 'SynPS/2 Synaptics TouchPad'
[    55.110] (II) systemd-logind: got fd for /dev/input/event8 13:72 fd 23 paused 0
[    55.110] (**) SynPS/2 Synaptics TouchPad: always reports core events
[    55.110] (**) Option "Device" "/dev/input/event8"
[    55.110] (**) Option "_source" "server/udev"
[    55.114] (II) event8  - SynPS/2 Synaptics TouchPad: is tagged by udev as: Touchpad
[    55.118] (II) event8  - SynPS/2 Synaptics TouchPad: device is a touchpad
[    55.118] (II) event8  - SynPS/2 Synaptics TouchPad: device removed
[    55.119] (**) Option "config_info" "udev:/sys/devices/platform/i8042/serio2/input/input14/event8"
[    55.119] (II) XINPUT: Adding extended input device "SynPS/2 Synaptics TouchPad" (type: TOUCHPAD, id 12)
[    55.121] (**) Option "AccelerationScheme" "none"
[    55.121] (**) SynPS/2 Synaptics TouchPad: (accel) selected scheme none/0
[    55.121] (**) SynPS/2 Synaptics TouchPad: (accel) acceleration factor: 2.000
[    55.121] (**) SynPS/2 Synaptics TouchPad: (accel) acceleration threshold: 4
[    55.125] (II) event8  - SynPS/2 Synaptics TouchPad: is tagged by udev as: Touchpad
[    55.128] (II) event8  - SynPS/2 Synaptics TouchPad: device is a touchpad
[    55.130] (II) config/udev: Adding input device SynPS/2 Synaptics TouchPad (/dev/input/mouse0)
[    55.130] (II) No input driver specified, ignoring this device.
[    55.130] (II) This device may have been added with another device file.
[    55.131] (II) config/udev: Adding input device PC Speaker (/dev/input/event6)
[    55.131] (II) No input driver specified, ignoring this device.
[    55.131] (II) This device may have been added with another device file.
[   650.159] (II) Axis 0 value 1218 is outside expected range [1261, 5903]
See https://wayland.freedesktop.org/libinput/doc/1.16.4/absolute_coordinate_ranges.html for details
[   671.692] (**) Option "fd" "15"
[   671.693] (II) event3  - Power Button: device removed
[   671.693] (**) Option "fd" "18"
[   671.693] (II) event5  - Video Bus: device removed
[   671.693] (**) Option "fd" "19"
[   671.693] (II) event0  - Power Button: device removed
[   671.693] (**) Option "fd" "20"
[   671.693] (II) event1  - Sleep Button: device removed
[   671.693] (**) Option "fd" "21"
[   671.693] (II) event7  - Chicony USB 2.0 Camera: Chicony: device removed
[   671.693] (**) Option "fd" "22"
[   671.693] (II) event4  - AT Translated Set 2 keyboard: device removed
[   671.693] (**) Option "fd" "23"
[   671.693] (II) event8  - SynPS/2 Synaptics TouchPad: device removed
[   671.709] (II) UnloadModule: "libinput"
[   671.710] (II) systemd-logind: releasing fd for 13:72
[   671.744] (II) UnloadModule: "libinput"
[   671.744] (II) systemd-logind: releasing fd for 13:68
[   671.757] (II) UnloadModule: "libinput"
[   671.757] (II) systemd-logind: releasing fd for 13:71
[   671.790] (II) UnloadModule: "libinput"
[   671.790] (II) systemd-logind: releasing fd for 13:65
[   671.800] (II) UnloadModule: "libinput"
[   671.800] (II) systemd-logind: releasing fd for 13:64
[   671.812] (II) UnloadModule: "libinput"
[   671.812] (II) systemd-logind: releasing fd for 13:69
[   671.851] (II) UnloadModule: "libinput"
[   671.851] (II) systemd-logind: releasing fd for 13:67
[   671.860] (WW) xf86CloseConsole: KDSETMODE failed: Input/output error
[   671.860] (WW) xf86CloseConsole: VT_GETMODE failed: Input/output error
[   671.860] (WW) xf86CloseConsole: VT_ACTIVATE failed: Input/output error
[   671.863] (II) Server terminated successfully (0). Closing log file.
